2024-07-31 19:24:37,451 DEBUG    root            Loaded Command Group: ['gcloud', 'components']
2024-07-31 19:24:37,453 DEBUG    root            Loaded Command Group: ['gcloud', 'components', 'update']
2024-07-31 19:24:37,455 DEBUG    root            Running [gcloud.components.update] with arguments: [--quiet: "True", COMPONENT-IDS:8: "['gcloud', 'core', 'bq', 'gsutil', 'compute', 'preview', 'alpha', 'beta']"]
2024-07-31 19:24:37,457 INFO     ___FILE_ONLY___ Beginning update. This process may take several minutes.

2024-07-31 19:24:37,465 DEBUG    urllib3.connectionpool Starting new HTTPS connection (1): dl.google.com:443
2024-07-31 19:24:37,541 DEBUG    urllib3.connectionpool https://dl.google.com:443 "GET /dl/cloudsdk/channels/rapid/components-2.json HTTP/1.1" 200 223375
2024-07-31 19:24:37,567 WARNING  root            Component [compute] no longer exists.
2024-07-31 19:24:37,568 WARNING  root            Component [preview] no longer exists.
2024-07-31 19:24:37,568 INFO     ___FILE_ONLY___ 

2024-07-31 19:24:37,569 INFO     ___FILE_ONLY___ 
Your current Google Cloud CLI version is: 486.0.0

2024-07-31 19:24:37,569 INFO     ___FILE_ONLY___ Installing components from version: 486.0.0

2024-07-31 19:24:37,569 INFO     ___FILE_ONLY___ 

2024-07-31 19:24:37,569 DEBUG    root            Chosen display Format:table[box,title="These components will be removed."](details.display_name:label=Name:align=left,version.version_string:label=Version:align=right,data.size.size(zero="",min=1048576):label=Size:align=right)
2024-07-31 19:24:37,570 DEBUG    root            Chosen display Format:table[box,title="These components will be updated."](details.display_name:label=Name:align=left,version.version_string:label=Version:align=right,data.size.size(zero="",min=1048576):label=Size:align=right)
2024-07-31 19:24:37,570 DEBUG    root            Chosen display Format:table[box,title="These components will be installed."](details.display_name:label=Name:align=left,version.version_string:label=Version:align=right,data.size.size(zero="",min=1048576):label=Size:align=right)
2024-07-31 19:24:37,608 INFO     ___FILE_ONLY___ ┌──────────────────────────────────────────────┐
2024-07-31 19:24:37,608 INFO     ___FILE_ONLY___ 

2024-07-31 19:24:37,608 INFO     ___FILE_ONLY___ │     These components will be installed.      │
2024-07-31 19:24:37,608 INFO     ___FILE_ONLY___ 

2024-07-31 19:24:37,608 INFO     ___FILE_ONLY___ ├───────────────────────┬────────────┬─────────┤
2024-07-31 19:24:37,608 INFO     ___FILE_ONLY___ 

2024-07-31 19:24:37,609 INFO     ___FILE_ONLY___ │          Name         │  Version   │   Size  │
2024-07-31 19:24:37,609 INFO     ___FILE_ONLY___ 

2024-07-31 19:24:37,609 INFO     ___FILE_ONLY___ ├───────────────────────┼────────────┼─────────┤
2024-07-31 19:24:37,609 INFO     ___FILE_ONLY___ 

2024-07-31 19:24:37,609 INFO     ___FILE_ONLY___ │ 
2024-07-31 19:24:37,609 INFO     ___FILE_ONLY___ gcloud Alpha Commands
2024-07-31 19:24:37,609 INFO     ___FILE_ONLY___  
2024-07-31 19:24:37,609 INFO     ___FILE_ONLY___ │ 
2024-07-31 19:24:37,609 INFO     ___FILE_ONLY___ 2024.07.26
2024-07-31 19:24:37,609 INFO     ___FILE_ONLY___  
2024-07-31 19:24:37,609 INFO     ___FILE_ONLY___ │ 
2024-07-31 19:24:37,609 INFO     ___FILE_ONLY___ < 1 MiB
2024-07-31 19:24:37,609 INFO     ___FILE_ONLY___  
2024-07-31 19:24:37,609 INFO     ___FILE_ONLY___ │
2024-07-31 19:24:37,609 INFO     ___FILE_ONLY___ 

2024-07-31 19:24:37,609 INFO     ___FILE_ONLY___ │ 
2024-07-31 19:24:37,610 INFO     ___FILE_ONLY___ gcloud Beta Commands 
2024-07-31 19:24:37,610 INFO     ___FILE_ONLY___  
2024-07-31 19:24:37,610 INFO     ___FILE_ONLY___ │ 
2024-07-31 19:24:37,610 INFO     ___FILE_ONLY___ 2024.07.26
2024-07-31 19:24:37,610 INFO     ___FILE_ONLY___  
2024-07-31 19:24:37,610 INFO     ___FILE_ONLY___ │ 
2024-07-31 19:24:37,610 INFO     ___FILE_ONLY___ < 1 MiB
2024-07-31 19:24:37,610 INFO     ___FILE_ONLY___  
2024-07-31 19:24:37,610 INFO     ___FILE_ONLY___ │
2024-07-31 19:24:37,610 INFO     ___FILE_ONLY___ 

2024-07-31 19:24:37,610 INFO     ___FILE_ONLY___ └───────────────────────┴────────────┴─────────┘
2024-07-31 19:24:37,610 INFO     ___FILE_ONLY___ 

2024-07-31 19:24:37,610 INFO     ___FILE_ONLY___ 

2024-07-31 19:24:37,614 DEBUG    urllib3.connectionpool Starting new HTTPS connection (1): dl.google.com:443
2024-07-31 19:24:37,880 DEBUG    urllib3.connectionpool https://dl.google.com:443 "GET /dl/cloudsdk/channels/rapid/RELEASE_NOTES HTTP/1.1" 200 1248864
2024-07-31 19:24:37,915 INFO     ___FILE_ONLY___ For the latest full release notes, please visit:
  https://cloud.google.com/sdk/release_notes


2024-07-31 19:24:37,915 INFO     ___FILE_ONLY___ Performing in place update...


2024-07-31 19:24:37,917 INFO     ___FILE_ONLY___ ╔════════════════════════════════════════════════════════════╗

2024-07-31 19:24:37,917 INFO     ___FILE_ONLY___ ╠═ Downloading: gcloud Alpha Commands                       ═╣

2024-07-31 19:24:37,917 INFO     ___FILE_ONLY___ ╚
2024-07-31 19:24:37,921 DEBUG    urllib3.connectionpool Starting new HTTPS connection (1): dl.google.com:443
2024-07-31 19:24:38,075 DEBUG    urllib3.connectionpool https://dl.google.com:443 "GET /dl/cloudsdk/channels/rapid/components/google-cloud-sdk-alpha-20240726141759.tar.gz HTTP/1.1" 200 800
2024-07-31 19:24:38,076 INFO     ___FILE_ONLY___ ════════════════════════════════════════════════════════════
2024-07-31 19:24:38,076 INFO     ___FILE_ONLY___ ╝

2024-07-31 19:24:38,079 INFO     ___FILE_ONLY___ ╔════════════════════════════════════════════════════════════╗

2024-07-31 19:24:38,079 INFO     ___FILE_ONLY___ ╠═ Downloading: gcloud Beta Commands                        ═╣

2024-07-31 19:24:38,079 INFO     ___FILE_ONLY___ ╚
2024-07-31 19:24:38,084 DEBUG    urllib3.connectionpool Starting new HTTPS connection (1): dl.google.com:443
2024-07-31 19:24:38,214 DEBUG    urllib3.connectionpool https://dl.google.com:443 "GET /dl/cloudsdk/channels/rapid/components/google-cloud-sdk-beta-20240726141759.tar.gz HTTP/1.1" 200 797
2024-07-31 19:24:38,215 INFO     ___FILE_ONLY___ ════════════════════════════════════════════════════════════
2024-07-31 19:24:38,215 INFO     ___FILE_ONLY___ ╝

2024-07-31 19:24:38,217 INFO     ___FILE_ONLY___ ╔════════════════════════════════════════════════════════════╗

2024-07-31 19:24:38,217 INFO     ___FILE_ONLY___ ╠═ Installing: gcloud Alpha Commands                        ═╣

2024-07-31 19:24:38,218 INFO     ___FILE_ONLY___ ╚
2024-07-31 19:24:38,219 INFO     ___FILE_ONLY___ ════════════════════════════════════════════════════════════
2024-07-31 19:24:38,219 INFO     ___FILE_ONLY___ ╝

2024-07-31 19:24:38,225 INFO     ___FILE_ONLY___ ╔════════════════════════════════════════════════════════════╗

2024-07-31 19:24:38,225 INFO     ___FILE_ONLY___ ╠═ Installing: gcloud Beta Commands                         ═╣

2024-07-31 19:24:38,225 INFO     ___FILE_ONLY___ ╚
2024-07-31 19:24:38,226 INFO     ___FILE_ONLY___ ════════════════════════════════════════════════════════════
2024-07-31 19:24:38,226 INFO     ___FILE_ONLY___ ╝

2024-07-31 19:24:38,234 DEBUG    root            Updating notification cache...
2024-07-31 19:24:38,234 INFO     ___FILE_ONLY___ 

2024-07-31 19:24:38,236 INFO     ___FILE_ONLY___ Performing post processing steps...
2024-07-31 19:24:38,236 DEBUG    root            Executing command: ['/tools/google-cloud-sdk/bin/gcloud', 'components', 'post-process']
2024-07-31 19:24:47,724 DEBUG    ___FILE_ONLY___ 
2024-07-31 19:24:47,724 DEBUG    ___FILE_ONLY___ 
2024-07-31 19:24:47,750 INFO     ___FILE_ONLY___ 
Update done!


2024-07-31 19:24:47,752 DEBUG    root            Chosen display Format:none
2024-07-31 19:24:47,753 INFO     root            Display format: "none"
