2024-07-31 19:24:17,546 DEBUG    root            Loaded Command Group: ['gcloud', 'components']
2024-07-31 19:24:17,550 DEBUG    root            Loaded Command Group: ['gcloud', 'components', 'update']
2024-07-31 19:24:17,553 DEBUG    root            Running [gcloud.components.update] with arguments: [--allow-no-backup: "True", --compile-python: "True", --quiet: "True", COMPONENT-IDS:6: "['core', 'gcloud-deps', 'bq', 'gcloud', 'gcloud-crc32c', 'gsutil']"]
2024-07-31 19:24:17,554 INFO     ___FILE_ONLY___ Beginning update. This process may take several minutes.

2024-07-31 19:24:17,585 DEBUG    urllib3.connectionpool Starting new HTTPS connection (1): dl.google.com:443
2024-07-31 19:24:17,724 DEBUG    urllib3.connectionpool https://dl.google.com:443 "GET /dl/cloudsdk/channels/rapid/components-2.json HTTP/1.1" 200 223375
2024-07-31 19:24:17,744 INFO     ___FILE_ONLY___ 

2024-07-31 19:24:17,745 INFO     ___FILE_ONLY___ 
Your current Google Cloud CLI version is: 486.0.0

2024-07-31 19:24:17,745 INFO     ___FILE_ONLY___ Installing components from version: 486.0.0

2024-07-31 19:24:17,745 INFO     ___FILE_ONLY___ 

2024-07-31 19:24:17,745 DEBUG    root            Chosen display Format:table[box,title="These components will be removed."](details.display_name:label=Name:align=left,version.version_string:label=Version:align=right,data.size.size(zero="",min=1048576):label=Size:align=right)
2024-07-31 19:24:17,746 DEBUG    root            Chosen display Format:table[box,title="These components will be updated."](details.display_name:label=Name:align=left,version.version_string:label=Version:align=right,data.size.size(zero="",min=1048576):label=Size:align=right)
2024-07-31 19:24:17,746 DEBUG    root            Chosen display Format:table[box,title="These components will be installed."](details.display_name:label=Name:align=left,version.version_string:label=Version:align=right,data.size.size(zero="",min=1048576):label=Size:align=right)
2024-07-31 19:24:17,879 INFO     ___FILE_ONLY___ ┌─────────────────────────────────────────────────────────────────────────────┐
2024-07-31 19:24:17,879 INFO     ___FILE_ONLY___ 

2024-07-31 19:24:17,879 INFO     ___FILE_ONLY___ │                     These components will be installed.                     │
2024-07-31 19:24:17,879 INFO     ___FILE_ONLY___ 

2024-07-31 19:24:17,879 INFO     ___FILE_ONLY___ ├─────────────────────────────────────────────────────┬────────────┬──────────┤
2024-07-31 19:24:17,879 INFO     ___FILE_ONLY___ 

2024-07-31 19:24:17,879 INFO     ___FILE_ONLY___ │                         Name                        │  Version   │   Size   │
2024-07-31 19:24:17,879 INFO     ___FILE_ONLY___ 

2024-07-31 19:24:17,879 INFO     ___FILE_ONLY___ ├─────────────────────────────────────────────────────┼────────────┼──────────┤
2024-07-31 19:24:17,879 INFO     ___FILE_ONLY___ 

2024-07-31 19:24:17,879 INFO     ___FILE_ONLY___ │ 
2024-07-31 19:24:17,880 INFO     ___FILE_ONLY___ BigQuery Command Line Tool                         
2024-07-31 19:24:17,880 INFO     ___FILE_ONLY___  
2024-07-31 19:24:17,880 INFO     ___FILE_ONLY___ │ 
2024-07-31 19:24:17,880 INFO     ___FILE_ONLY___      2.1.7
2024-07-31 19:24:17,880 INFO     ___FILE_ONLY___  
2024-07-31 19:24:17,880 INFO     ___FILE_ONLY___ │ 
2024-07-31 19:24:17,880 INFO     ___FILE_ONLY___  1.7 MiB
2024-07-31 19:24:17,880 INFO     ___FILE_ONLY___  
2024-07-31 19:24:17,880 INFO     ___FILE_ONLY___ │
2024-07-31 19:24:17,880 INFO     ___FILE_ONLY___ 

2024-07-31 19:24:17,880 INFO     ___FILE_ONLY___ │ 
2024-07-31 19:24:17,880 INFO     ___FILE_ONLY___ BigQuery Command Line Tool (Platform Specific)     
2024-07-31 19:24:17,880 INFO     ___FILE_ONLY___  
2024-07-31 19:24:17,880 INFO     ___FILE_ONLY___ │ 
2024-07-31 19:24:17,880 INFO     ___FILE_ONLY___    2.0.101
2024-07-31 19:24:17,881 INFO     ___FILE_ONLY___  
2024-07-31 19:24:17,881 INFO     ___FILE_ONLY___ │ 
2024-07-31 19:24:17,881 INFO     ___FILE_ONLY___  < 1 MiB
2024-07-31 19:24:17,881 INFO     ___FILE_ONLY___  
2024-07-31 19:24:17,881 INFO     ___FILE_ONLY___ │
2024-07-31 19:24:17,881 INFO     ___FILE_ONLY___ 

2024-07-31 19:24:17,881 INFO     ___FILE_ONLY___ │ 
2024-07-31 19:24:17,881 INFO     ___FILE_ONLY___ Bundled Python 3.11 (Platform Specific)            
2024-07-31 19:24:17,881 INFO     ___FILE_ONLY___  
2024-07-31 19:24:17,881 INFO     ___FILE_ONLY___ │ 
2024-07-31 19:24:17,881 INFO     ___FILE_ONLY___     3.11.8
2024-07-31 19:24:17,881 INFO     ___FILE_ONLY___  
2024-07-31 19:24:17,881 INFO     ___FILE_ONLY___ │ 
2024-07-31 19:24:17,881 INFO     ___FILE_ONLY___ 74.0 MiB
2024-07-31 19:24:17,881 INFO     ___FILE_ONLY___  
2024-07-31 19:24:17,881 INFO     ___FILE_ONLY___ │
2024-07-31 19:24:17,881 INFO     ___FILE_ONLY___ 

2024-07-31 19:24:17,882 INFO     ___FILE_ONLY___ │ 
2024-07-31 19:24:17,882 INFO     ___FILE_ONLY___ Cloud Storage Command Line Tool                    
2024-07-31 19:24:17,882 INFO     ___FILE_ONLY___  
2024-07-31 19:24:17,882 INFO     ___FILE_ONLY___ │ 
2024-07-31 19:24:17,882 INFO     ___FILE_ONLY___       5.30
2024-07-31 19:24:17,882 INFO     ___FILE_ONLY___  
2024-07-31 19:24:17,882 INFO     ___FILE_ONLY___ │ 
2024-07-31 19:24:17,882 INFO     ___FILE_ONLY___ 11.3 MiB
2024-07-31 19:24:17,882 INFO     ___FILE_ONLY___  
2024-07-31 19:24:17,882 INFO     ___FILE_ONLY___ │
2024-07-31 19:24:17,882 INFO     ___FILE_ONLY___ 

2024-07-31 19:24:17,882 INFO     ___FILE_ONLY___ │ 
2024-07-31 19:24:17,882 INFO     ___FILE_ONLY___ Cloud Storage Command Line Tool (Platform Specific)
2024-07-31 19:24:17,882 INFO     ___FILE_ONLY___  
2024-07-31 19:24:17,882 INFO     ___FILE_ONLY___ │ 
2024-07-31 19:24:17,882 INFO     ___FILE_ONLY___       5.27
2024-07-31 19:24:17,883 INFO     ___FILE_ONLY___  
2024-07-31 19:24:17,883 INFO     ___FILE_ONLY___ │ 
2024-07-31 19:24:17,883 INFO     ___FILE_ONLY___  < 1 MiB
2024-07-31 19:24:17,883 INFO     ___FILE_ONLY___  
2024-07-31 19:24:17,883 INFO     ___FILE_ONLY___ │
2024-07-31 19:24:17,883 INFO     ___FILE_ONLY___ 

2024-07-31 19:24:17,883 INFO     ___FILE_ONLY___ │ 
2024-07-31 19:24:17,883 INFO     ___FILE_ONLY___ Google Cloud CLI Core Libraries (Platform Specific)
2024-07-31 19:24:17,883 INFO     ___FILE_ONLY___  
2024-07-31 19:24:17,883 INFO     ___FILE_ONLY___ │ 
2024-07-31 19:24:17,883 INFO     ___FILE_ONLY___ 2024.01.06
2024-07-31 19:24:17,883 INFO     ___FILE_ONLY___  
2024-07-31 19:24:17,883 INFO     ___FILE_ONLY___ │ 
2024-07-31 19:24:17,883 INFO     ___FILE_ONLY___  < 1 MiB
2024-07-31 19:24:17,883 INFO     ___FILE_ONLY___  
2024-07-31 19:24:17,884 INFO     ___FILE_ONLY___ │
2024-07-31 19:24:17,884 INFO     ___FILE_ONLY___ 

2024-07-31 19:24:17,884 INFO     ___FILE_ONLY___ │ 
2024-07-31 19:24:17,884 INFO     ___FILE_ONLY___ Google Cloud CRC32C Hash Tool (Platform Specific)  
2024-07-31 19:24:17,884 INFO     ___FILE_ONLY___  
2024-07-31 19:24:17,884 INFO     ___FILE_ONLY___ │ 
2024-07-31 19:24:17,884 INFO     ___FILE_ONLY___      1.0.0
2024-07-31 19:24:17,884 INFO     ___FILE_ONLY___  
2024-07-31 19:24:17,884 INFO     ___FILE_ONLY___ │ 
2024-07-31 19:24:17,884 INFO     ___FILE_ONLY___  1.3 MiB
2024-07-31 19:24:17,884 INFO     ___FILE_ONLY___  
2024-07-31 19:24:17,884 INFO     ___FILE_ONLY___ │
2024-07-31 19:24:17,884 INFO     ___FILE_ONLY___ 

2024-07-31 19:24:17,884 INFO     ___FILE_ONLY___ │ 
2024-07-31 19:24:17,884 INFO     ___FILE_ONLY___ gcloud cli dependencies (Platform Specific)        
2024-07-31 19:24:17,884 INFO     ___FILE_ONLY___  
2024-07-31 19:24:17,885 INFO     ___FILE_ONLY___ │ 
2024-07-31 19:24:17,885 INFO     ___FILE_ONLY___ 2021.04.16
2024-07-31 19:24:17,885 INFO     ___FILE_ONLY___  
2024-07-31 19:24:17,885 INFO     ___FILE_ONLY___ │ 
2024-07-31 19:24:17,885 INFO     ___FILE_ONLY___  < 1 MiB
2024-07-31 19:24:17,885 INFO     ___FILE_ONLY___  
2024-07-31 19:24:17,885 INFO     ___FILE_ONLY___ │
2024-07-31 19:24:17,885 INFO     ___FILE_ONLY___ 

2024-07-31 19:24:17,885 INFO     ___FILE_ONLY___ └─────────────────────────────────────────────────────┴────────────┴──────────┘
2024-07-31 19:24:17,885 INFO     ___FILE_ONLY___ 

2024-07-31 19:24:17,885 INFO     ___FILE_ONLY___ 

2024-07-31 19:24:17,889 DEBUG    urllib3.connectionpool Starting new HTTPS connection (1): dl.google.com:443
2024-07-31 19:24:18,028 DEBUG    urllib3.connectionpool https://dl.google.com:443 "GET /dl/cloudsdk/channels/rapid/RELEASE_NOTES HTTP/1.1" 200 1248864
2024-07-31 19:24:18,061 INFO     ___FILE_ONLY___ For the latest full release notes, please visit:
  https://cloud.google.com/sdk/release_notes


2024-07-31 19:24:18,061 INFO     ___FILE_ONLY___ Performing in place update...


2024-07-31 19:24:18,063 INFO     ___FILE_ONLY___ ╔════════════════════════════════════════════════════════════╗

2024-07-31 19:24:18,064 INFO     ___FILE_ONLY___ ╠═ Downloading: BigQuery Command Line Tool                  ═╣

2024-07-31 19:24:18,064 INFO     ___FILE_ONLY___ ╚
2024-07-31 19:24:18,069 DEBUG    urllib3.connectionpool Starting new HTTPS connection (1): dl.google.com:443
2024-07-31 19:24:18,204 DEBUG    urllib3.connectionpool https://dl.google.com:443 "GET /dl/cloudsdk/channels/rapid/components/google-cloud-sdk-bq-20240712142834.tar.gz HTTP/1.1" 200 1808321
2024-07-31 19:24:18,215 INFO     ___FILE_ONLY___ ═
2024-07-31 19:24:18,215 INFO     ___FILE_ONLY___ ═
2024-07-31 19:24:18,215 INFO     ___FILE_ONLY___ ═
2024-07-31 19:24:18,215 INFO     ___FILE_ONLY___ ═
2024-07-31 19:24:18,215 INFO     ___FILE_ONLY___ ═
2024-07-31 19:24:18,216 INFO     ___FILE_ONLY___ ═
2024-07-31 19:24:18,216 INFO     ___FILE_ONLY___ ═
2024-07-31 19:24:18,216 INFO     ___FILE_ONLY___ ═
2024-07-31 19:24:18,216 INFO     ___FILE_ONLY___ ═
2024-07-31 19:24:18,216 INFO     ___FILE_ONLY___ ═
2024-07-31 19:24:18,216 INFO     ___FILE_ONLY___ ═
2024-07-31 19:24:18,216 INFO     ___FILE_ONLY___ ═
2024-07-31 19:24:18,216 INFO     ___FILE_ONLY___ ═
2024-07-31 19:24:18,216 INFO     ___FILE_ONLY___ ═
2024-07-31 19:24:18,216 INFO     ___FILE_ONLY___ ═
2024-07-31 19:24:18,216 INFO     ___FILE_ONLY___ ═
2024-07-31 19:24:18,217 INFO     ___FILE_ONLY___ ═
2024-07-31 19:24:18,217 INFO     ___FILE_ONLY___ ═
2024-07-31 19:24:18,217 INFO     ___FILE_ONLY___ ═
2024-07-31 19:24:18,217 INFO     ___FILE_ONLY___ ═
2024-07-31 19:24:18,217 INFO     ___FILE_ONLY___ ═
2024-07-31 19:24:18,217 INFO     ___FILE_ONLY___ ═
2024-07-31 19:24:18,217 INFO     ___FILE_ONLY___ ═
2024-07-31 19:24:18,217 INFO     ___FILE_ONLY___ ═
2024-07-31 19:24:18,217 INFO     ___FILE_ONLY___ ═
2024-07-31 19:24:18,217 INFO     ___FILE_ONLY___ ═
2024-07-31 19:24:18,218 INFO     ___FILE_ONLY___ ═
2024-07-31 19:24:18,218 INFO     ___FILE_ONLY___ ═
2024-07-31 19:24:18,218 INFO     ___FILE_ONLY___ ═
2024-07-31 19:24:18,218 INFO     ___FILE_ONLY___ ═
2024-07-31 19:24:18,218 INFO     ___FILE_ONLY___ ═
2024-07-31 19:24:18,218 INFO     ___FILE_ONLY___ ═
2024-07-31 19:24:18,218 INFO     ___FILE_ONLY___ ═
2024-07-31 19:24:18,218 INFO     ___FILE_ONLY___ ═
2024-07-31 19:24:18,218 INFO     ___FILE_ONLY___ ═
2024-07-31 19:24:18,218 INFO     ___FILE_ONLY___ ═
2024-07-31 19:24:18,219 INFO     ___FILE_ONLY___ ═
2024-07-31 19:24:18,219 INFO     ___FILE_ONLY___ ═
2024-07-31 19:24:18,219 INFO     ___FILE_ONLY___ ═
2024-07-31 19:24:18,219 INFO     ___FILE_ONLY___ ═
2024-07-31 19:24:18,219 INFO     ___FILE_ONLY___ ═
2024-07-31 19:24:18,219 INFO     ___FILE_ONLY___ ═
2024-07-31 19:24:18,219 INFO     ___FILE_ONLY___ ═
2024-07-31 19:24:18,219 INFO     ___FILE_ONLY___ ═
2024-07-31 19:24:18,219 INFO     ___FILE_ONLY___ ═
2024-07-31 19:24:18,219 INFO     ___FILE_ONLY___ ═
2024-07-31 19:24:18,220 INFO     ___FILE_ONLY___ ═
2024-07-31 19:24:18,220 INFO     ___FILE_ONLY___ ═
2024-07-31 19:24:18,220 INFO     ___FILE_ONLY___ ═
2024-07-31 19:24:18,220 INFO     ___FILE_ONLY___ ═
2024-07-31 19:24:18,220 INFO     ___FILE_ONLY___ ═
2024-07-31 19:24:18,220 INFO     ___FILE_ONLY___ ═
2024-07-31 19:24:18,220 INFO     ___FILE_ONLY___ ═
2024-07-31 19:24:18,220 INFO     ___FILE_ONLY___ ═
2024-07-31 19:24:18,220 INFO     ___FILE_ONLY___ ═
2024-07-31 19:24:18,220 INFO     ___FILE_ONLY___ ═
2024-07-31 19:24:18,221 INFO     ___FILE_ONLY___ ═
2024-07-31 19:24:18,221 INFO     ___FILE_ONLY___ ═
2024-07-31 19:24:18,221 INFO     ___FILE_ONLY___ ═
2024-07-31 19:24:18,221 INFO     ___FILE_ONLY___ ═
2024-07-31 19:24:18,221 INFO     ___FILE_ONLY___ ╝

2024-07-31 19:24:18,223 INFO     ___FILE_ONLY___ ╔════════════════════════════════════════════════════════════╗

2024-07-31 19:24:18,223 INFO     ___FILE_ONLY___ ╠═ Downloading: BigQuery Command Line Tool (Platform Spe... ═╣

2024-07-31 19:24:18,223 INFO     ___FILE_ONLY___ ╚
2024-07-31 19:24:18,227 DEBUG    urllib3.connectionpool Starting new HTTPS connection (1): dl.google.com:443
2024-07-31 19:24:18,297 DEBUG    urllib3.connectionpool https://dl.google.com:443 "GET /dl/cloudsdk/channels/rapid/components/google-cloud-sdk-bq-nix-20240106004423.tar.gz HTTP/1.1" 200 2026
2024-07-31 19:24:18,297 INFO     ___FILE_ONLY___ ════════════════════════════════════════════════════════════
2024-07-31 19:24:18,298 INFO     ___FILE_ONLY___ ╝

2024-07-31 19:24:18,300 INFO     ___FILE_ONLY___ ╔════════════════════════════════════════════════════════════╗

2024-07-31 19:24:18,300 INFO     ___FILE_ONLY___ ╠═ Downloading: Bundled Python 3.11                         ═╣

2024-07-31 19:24:18,300 INFO     ___FILE_ONLY___ ╚
2024-07-31 19:24:18,300 INFO     ___FILE_ONLY___ ════════════════════════════════════════════════════════════
2024-07-31 19:24:18,300 INFO     ___FILE_ONLY___ ╝

2024-07-31 19:24:18,302 INFO     ___FILE_ONLY___ ╔════════════════════════════════════════════════════════════╗

2024-07-31 19:24:18,302 INFO     ___FILE_ONLY___ ╠═ Downloading: Bundled Python 3.11 (Platform Specific)     ═╣

2024-07-31 19:24:18,302 INFO     ___FILE_ONLY___ ╚
2024-07-31 19:24:18,305 DEBUG    urllib3.connectionpool Starting new HTTPS connection (1): dl.google.com:443
2024-07-31 19:24:18,378 DEBUG    urllib3.connectionpool https://dl.google.com:443 "GET /dl/cloudsdk/channels/rapid/components/google-cloud-sdk-bundled-python3-unix-linux-x86_64-20240712142834.tar.gz HTTP/1.1" 200 77646096
2024-07-31 19:24:18,635 INFO     ___FILE_ONLY___ ═
2024-07-31 19:24:18,637 INFO     ___FILE_ONLY___ ═
2024-07-31 19:24:18,638 INFO     ___FILE_ONLY___ ═
2024-07-31 19:24:18,640 INFO     ___FILE_ONLY___ ═
2024-07-31 19:24:18,641 INFO     ___FILE_ONLY___ ═
2024-07-31 19:24:18,643 INFO     ___FILE_ONLY___ ═
2024-07-31 19:24:18,644 INFO     ___FILE_ONLY___ ═
2024-07-31 19:24:18,646 INFO     ___FILE_ONLY___ ═
2024-07-31 19:24:18,647 INFO     ___FILE_ONLY___ ═
2024-07-31 19:24:18,648 INFO     ___FILE_ONLY___ ═
2024-07-31 19:24:18,650 INFO     ___FILE_ONLY___ ═
2024-07-31 19:24:18,651 INFO     ___FILE_ONLY___ ═
2024-07-31 19:24:18,653 INFO     ___FILE_ONLY___ ═
2024-07-31 19:24:18,654 INFO     ___FILE_ONLY___ ═
2024-07-31 19:24:18,655 INFO     ___FILE_ONLY___ ═
2024-07-31 19:24:18,657 INFO     ___FILE_ONLY___ ═
2024-07-31 19:24:18,658 INFO     ___FILE_ONLY___ ═
2024-07-31 19:24:18,660 INFO     ___FILE_ONLY___ ═
2024-07-31 19:24:18,661 INFO     ___FILE_ONLY___ ═
2024-07-31 19:24:18,662 INFO     ___FILE_ONLY___ ═
2024-07-31 19:24:18,664 INFO     ___FILE_ONLY___ ═
2024-07-31 19:24:18,665 INFO     ___FILE_ONLY___ ═
2024-07-31 19:24:18,666 INFO     ___FILE_ONLY___ ═
2024-07-31 19:24:18,668 INFO     ___FILE_ONLY___ ═
2024-07-31 19:24:18,669 INFO     ___FILE_ONLY___ ═
2024-07-31 19:24:18,671 INFO     ___FILE_ONLY___ ═
2024-07-31 19:24:18,672 INFO     ___FILE_ONLY___ ═
2024-07-31 19:24:18,673 INFO     ___FILE_ONLY___ ═
2024-07-31 19:24:18,675 INFO     ___FILE_ONLY___ ═
2024-07-31 19:24:18,676 INFO     ___FILE_ONLY___ ═
2024-07-31 19:24:18,677 INFO     ___FILE_ONLY___ ═
2024-07-31 19:24:18,679 INFO     ___FILE_ONLY___ ═
2024-07-31 19:24:18,680 INFO     ___FILE_ONLY___ ═
2024-07-31 19:24:18,682 INFO     ___FILE_ONLY___ ═
2024-07-31 19:24:18,683 INFO     ___FILE_ONLY___ ═
2024-07-31 19:24:18,684 INFO     ___FILE_ONLY___ ═
2024-07-31 19:24:18,686 INFO     ___FILE_ONLY___ ═
2024-07-31 19:24:18,687 INFO     ___FILE_ONLY___ ═
2024-07-31 19:24:18,688 INFO     ___FILE_ONLY___ ═
2024-07-31 19:24:18,690 INFO     ___FILE_ONLY___ ═
2024-07-31 19:24:18,691 INFO     ___FILE_ONLY___ ═
2024-07-31 19:24:18,693 INFO     ___FILE_ONLY___ ═
2024-07-31 19:24:18,694 INFO     ___FILE_ONLY___ ═
2024-07-31 19:24:18,695 INFO     ___FILE_ONLY___ ═
2024-07-31 19:24:18,697 INFO     ___FILE_ONLY___ ═
2024-07-31 19:24:18,698 INFO     ___FILE_ONLY___ ═
2024-07-31 19:24:18,699 INFO     ___FILE_ONLY___ ═
2024-07-31 19:24:18,701 INFO     ___FILE_ONLY___ ═
2024-07-31 19:24:18,702 INFO     ___FILE_ONLY___ ═
2024-07-31 19:24:18,704 INFO     ___FILE_ONLY___ ═
2024-07-31 19:24:18,705 INFO     ___FILE_ONLY___ ═
2024-07-31 19:24:18,706 INFO     ___FILE_ONLY___ ═
2024-07-31 19:24:18,708 INFO     ___FILE_ONLY___ ═
2024-07-31 19:24:18,709 INFO     ___FILE_ONLY___ ═
2024-07-31 19:24:18,710 INFO     ___FILE_ONLY___ ═
2024-07-31 19:24:18,712 INFO     ___FILE_ONLY___ ═
2024-07-31 19:24:18,713 INFO     ___FILE_ONLY___ ═
2024-07-31 19:24:18,715 INFO     ___FILE_ONLY___ ═
2024-07-31 19:24:18,716 INFO     ___FILE_ONLY___ ═
2024-07-31 19:24:18,717 INFO     ___FILE_ONLY___ ═
2024-07-31 19:24:18,718 INFO     ___FILE_ONLY___ ╝

2024-07-31 19:24:18,720 INFO     ___FILE_ONLY___ ╔════════════════════════════════════════════════════════════╗

2024-07-31 19:24:18,720 INFO     ___FILE_ONLY___ ╠═ Downloading: Cloud Storage Command Line Tool             ═╣

2024-07-31 19:24:18,720 INFO     ___FILE_ONLY___ ╚
2024-07-31 19:24:18,724 DEBUG    urllib3.connectionpool Starting new HTTPS connection (1): dl.google.com:443
2024-07-31 19:24:18,850 DEBUG    urllib3.connectionpool https://dl.google.com:443 "GET /dl/cloudsdk/channels/rapid/components/google-cloud-sdk-gsutil-20240614142823.tar.gz HTTP/1.1" 200 11883175
2024-07-31 19:24:19,871 INFO     ___FILE_ONLY___ ═
2024-07-31 19:24:19,871 INFO     ___FILE_ONLY___ ═
2024-07-31 19:24:19,872 INFO     ___FILE_ONLY___ ═
2024-07-31 19:24:19,872 INFO     ___FILE_ONLY___ ═
2024-07-31 19:24:19,872 INFO     ___FILE_ONLY___ ═
2024-07-31 19:24:19,873 INFO     ___FILE_ONLY___ ═
2024-07-31 19:24:19,873 INFO     ___FILE_ONLY___ ═
2024-07-31 19:24:19,873 INFO     ___FILE_ONLY___ ═
2024-07-31 19:24:19,874 INFO     ___FILE_ONLY___ ═
2024-07-31 19:24:19,874 INFO     ___FILE_ONLY___ ═
2024-07-31 19:24:19,874 INFO     ___FILE_ONLY___ ═
2024-07-31 19:24:19,874 INFO     ___FILE_ONLY___ ═
2024-07-31 19:24:19,875 INFO     ___FILE_ONLY___ ═
2024-07-31 19:24:19,875 INFO     ___FILE_ONLY___ ═
2024-07-31 19:24:19,875 INFO     ___FILE_ONLY___ ═
2024-07-31 19:24:19,876 INFO     ___FILE_ONLY___ ═
2024-07-31 19:24:19,876 INFO     ___FILE_ONLY___ ═
2024-07-31 19:24:19,876 INFO     ___FILE_ONLY___ ═
2024-07-31 19:24:19,876 INFO     ___FILE_ONLY___ ═
2024-07-31 19:24:19,877 INFO     ___FILE_ONLY___ ═
2024-07-31 19:24:19,877 INFO     ___FILE_ONLY___ ═
2024-07-31 19:24:19,877 INFO     ___FILE_ONLY___ ═
2024-07-31 19:24:19,878 INFO     ___FILE_ONLY___ ═
2024-07-31 19:24:19,878 INFO     ___FILE_ONLY___ ═
2024-07-31 19:24:19,878 INFO     ___FILE_ONLY___ ═
2024-07-31 19:24:19,878 INFO     ___FILE_ONLY___ ═
2024-07-31 19:24:19,879 INFO     ___FILE_ONLY___ ═
2024-07-31 19:24:19,879 INFO     ___FILE_ONLY___ ═
2024-07-31 19:24:19,879 INFO     ___FILE_ONLY___ ═
2024-07-31 19:24:19,880 INFO     ___FILE_ONLY___ ═
2024-07-31 19:24:19,880 INFO     ___FILE_ONLY___ ═
2024-07-31 19:24:19,880 INFO     ___FILE_ONLY___ ═
2024-07-31 19:24:19,880 INFO     ___FILE_ONLY___ ═
2024-07-31 19:24:19,881 INFO     ___FILE_ONLY___ ═
2024-07-31 19:24:19,881 INFO     ___FILE_ONLY___ ═
2024-07-31 19:24:19,881 INFO     ___FILE_ONLY___ ═
2024-07-31 19:24:19,882 INFO     ___FILE_ONLY___ ═
2024-07-31 19:24:19,882 INFO     ___FILE_ONLY___ ═
2024-07-31 19:24:19,882 INFO     ___FILE_ONLY___ ═
2024-07-31 19:24:19,882 INFO     ___FILE_ONLY___ ═
2024-07-31 19:24:19,883 INFO     ___FILE_ONLY___ ═
2024-07-31 19:24:19,883 INFO     ___FILE_ONLY___ ═
2024-07-31 19:24:19,883 INFO     ___FILE_ONLY___ ═
2024-07-31 19:24:19,883 INFO     ___FILE_ONLY___ ═
2024-07-31 19:24:19,884 INFO     ___FILE_ONLY___ ═
2024-07-31 19:24:19,884 INFO     ___FILE_ONLY___ ═
2024-07-31 19:24:19,884 INFO     ___FILE_ONLY___ ═
2024-07-31 19:24:19,885 INFO     ___FILE_ONLY___ ═
2024-07-31 19:24:19,885 INFO     ___FILE_ONLY___ ═
2024-07-31 19:24:19,885 INFO     ___FILE_ONLY___ ═
2024-07-31 19:24:19,885 INFO     ___FILE_ONLY___ ═
2024-07-31 19:24:19,886 INFO     ___FILE_ONLY___ ═
2024-07-31 19:24:19,886 INFO     ___FILE_ONLY___ ═
2024-07-31 19:24:19,886 INFO     ___FILE_ONLY___ ═
2024-07-31 19:24:19,887 INFO     ___FILE_ONLY___ ═
2024-07-31 19:24:19,887 INFO     ___FILE_ONLY___ ═
2024-07-31 19:24:19,887 INFO     ___FILE_ONLY___ ═
2024-07-31 19:24:19,887 INFO     ___FILE_ONLY___ ═
2024-07-31 19:24:19,888 INFO     ___FILE_ONLY___ ═
2024-07-31 19:24:19,888 INFO     ___FILE_ONLY___ ═
2024-07-31 19:24:19,888 INFO     ___FILE_ONLY___ ╝

2024-07-31 19:24:19,890 INFO     ___FILE_ONLY___ ╔════════════════════════════════════════════════════════════╗

2024-07-31 19:24:19,890 INFO     ___FILE_ONLY___ ╠═ Downloading: Cloud Storage Command Line Tool (Platfor... ═╣

2024-07-31 19:24:19,891 INFO     ___FILE_ONLY___ ╚
2024-07-31 19:24:19,894 DEBUG    urllib3.connectionpool Starting new HTTPS connection (1): dl.google.com:443
2024-07-31 19:24:20,025 DEBUG    urllib3.connectionpool https://dl.google.com:443 "GET /dl/cloudsdk/channels/rapid/components/google-cloud-sdk-gsutil-nix-20240106004423.tar.gz HTTP/1.1" 200 2042
2024-07-31 19:24:20,025 INFO     ___FILE_ONLY___ ════════════════════════════════════════════════════════════
2024-07-31 19:24:20,026 INFO     ___FILE_ONLY___ ╝

2024-07-31 19:24:20,028 INFO     ___FILE_ONLY___ ╔════════════════════════════════════════════════════════════╗

2024-07-31 19:24:20,028 INFO     ___FILE_ONLY___ ╠═ Downloading: Default set of gcloud commands              ═╣

2024-07-31 19:24:20,028 INFO     ___FILE_ONLY___ ╚
2024-07-31 19:24:20,028 INFO     ___FILE_ONLY___ ════════════════════════════════════════════════════════════
2024-07-31 19:24:20,028 INFO     ___FILE_ONLY___ ╝

2024-07-31 19:24:20,030 INFO     ___FILE_ONLY___ ╔════════════════════════════════════════════════════════════╗

2024-07-31 19:24:20,030 INFO     ___FILE_ONLY___ ╠═ Downloading: Google Cloud CLI Core Libraries (Platfor... ═╣

2024-07-31 19:24:20,030 INFO     ___FILE_ONLY___ ╚
2024-07-31 19:24:20,034 DEBUG    urllib3.connectionpool Starting new HTTPS connection (1): dl.google.com:443
2024-07-31 19:24:20,170 DEBUG    urllib3.connectionpool https://dl.google.com:443 "GET /dl/cloudsdk/channels/rapid/components/google-cloud-sdk-core-nix-20240106004423.tar.gz HTTP/1.1" 200 2410
2024-07-31 19:24:20,171 INFO     ___FILE_ONLY___ ════════════════════════════════════════════════════════════
2024-07-31 19:24:20,171 INFO     ___FILE_ONLY___ ╝

2024-07-31 19:24:20,173 INFO     ___FILE_ONLY___ ╔════════════════════════════════════════════════════════════╗

2024-07-31 19:24:20,173 INFO     ___FILE_ONLY___ ╠═ Downloading: Google Cloud CRC32C Hash Tool               ═╣

2024-07-31 19:24:20,174 INFO     ___FILE_ONLY___ ╚
2024-07-31 19:24:20,174 INFO     ___FILE_ONLY___ ════════════════════════════════════════════════════════════
2024-07-31 19:24:20,174 INFO     ___FILE_ONLY___ ╝

2024-07-31 19:24:20,176 INFO     ___FILE_ONLY___ ╔════════════════════════════════════════════════════════════╗

2024-07-31 19:24:20,176 INFO     ___FILE_ONLY___ ╠═ Downloading: Google Cloud CRC32C Hash Tool (Platform ... ═╣

2024-07-31 19:24:20,176 INFO     ___FILE_ONLY___ ╚
2024-07-31 19:24:20,187 DEBUG    urllib3.connectionpool Starting new HTTPS connection (1): dl.google.com:443
2024-07-31 19:24:20,287 DEBUG    urllib3.connectionpool https://dl.google.com:443 "GET /dl/cloudsdk/channels/rapid/components/google-cloud-sdk-gcloud-crc32c-linux-x86_64-20240712142834.tar.gz HTTP/1.1" 200 1350263
2024-07-31 19:24:20,296 INFO     ___FILE_ONLY___ ═
2024-07-31 19:24:20,296 INFO     ___FILE_ONLY___ ═
2024-07-31 19:24:20,297 INFO     ___FILE_ONLY___ ═
2024-07-31 19:24:20,297 INFO     ___FILE_ONLY___ ═
2024-07-31 19:24:20,297 INFO     ___FILE_ONLY___ ═
2024-07-31 19:24:20,297 INFO     ___FILE_ONLY___ ═
2024-07-31 19:24:20,297 INFO     ___FILE_ONLY___ ═
2024-07-31 19:24:20,297 INFO     ___FILE_ONLY___ ═
2024-07-31 19:24:20,297 INFO     ___FILE_ONLY___ ═
2024-07-31 19:24:20,297 INFO     ___FILE_ONLY___ ═
2024-07-31 19:24:20,297 INFO     ___FILE_ONLY___ ═
2024-07-31 19:24:20,297 INFO     ___FILE_ONLY___ ═
2024-07-31 19:24:20,297 INFO     ___FILE_ONLY___ ═
2024-07-31 19:24:20,298 INFO     ___FILE_ONLY___ ═
2024-07-31 19:24:20,298 INFO     ___FILE_ONLY___ ═
2024-07-31 19:24:20,298 INFO     ___FILE_ONLY___ ═
2024-07-31 19:24:20,298 INFO     ___FILE_ONLY___ ═
2024-07-31 19:24:20,298 INFO     ___FILE_ONLY___ ═
2024-07-31 19:24:20,298 INFO     ___FILE_ONLY___ ═
2024-07-31 19:24:20,298 INFO     ___FILE_ONLY___ ═
2024-07-31 19:24:20,298 INFO     ___FILE_ONLY___ ═
2024-07-31 19:24:20,298 INFO     ___FILE_ONLY___ ═
2024-07-31 19:24:20,298 INFO     ___FILE_ONLY___ ═
2024-07-31 19:24:20,298 INFO     ___FILE_ONLY___ ═
2024-07-31 19:24:20,299 INFO     ___FILE_ONLY___ ═
2024-07-31 19:24:20,299 INFO     ___FILE_ONLY___ ═
2024-07-31 19:24:20,299 INFO     ___FILE_ONLY___ ═
2024-07-31 19:24:20,299 INFO     ___FILE_ONLY___ ═
2024-07-31 19:24:20,299 INFO     ___FILE_ONLY___ ═
2024-07-31 19:24:20,299 INFO     ___FILE_ONLY___ ═
2024-07-31 19:24:20,299 INFO     ___FILE_ONLY___ ═
2024-07-31 19:24:20,299 INFO     ___FILE_ONLY___ ═
2024-07-31 19:24:20,299 INFO     ___FILE_ONLY___ ═
2024-07-31 19:24:20,299 INFO     ___FILE_ONLY___ ═
2024-07-31 19:24:20,300 INFO     ___FILE_ONLY___ ═
2024-07-31 19:24:20,300 INFO     ___FILE_ONLY___ ═
2024-07-31 19:24:20,300 INFO     ___FILE_ONLY___ ═
2024-07-31 19:24:20,300 INFO     ___FILE_ONLY___ ═
2024-07-31 19:24:20,300 INFO     ___FILE_ONLY___ ═
2024-07-31 19:24:20,300 INFO     ___FILE_ONLY___ ═
2024-07-31 19:24:20,300 INFO     ___FILE_ONLY___ ═
2024-07-31 19:24:20,300 INFO     ___FILE_ONLY___ ═
2024-07-31 19:24:20,300 INFO     ___FILE_ONLY___ ═
2024-07-31 19:24:20,300 INFO     ___FILE_ONLY___ ═
2024-07-31 19:24:20,300 INFO     ___FILE_ONLY___ ═
2024-07-31 19:24:20,300 INFO     ___FILE_ONLY___ ═
2024-07-31 19:24:20,301 INFO     ___FILE_ONLY___ ═
2024-07-31 19:24:20,301 INFO     ___FILE_ONLY___ ═
2024-07-31 19:24:20,301 INFO     ___FILE_ONLY___ ═
2024-07-31 19:24:20,301 INFO     ___FILE_ONLY___ ═
2024-07-31 19:24:20,301 INFO     ___FILE_ONLY___ ═
2024-07-31 19:24:20,301 INFO     ___FILE_ONLY___ ═
2024-07-31 19:24:20,301 INFO     ___FILE_ONLY___ ═
2024-07-31 19:24:20,301 INFO     ___FILE_ONLY___ ═
2024-07-31 19:24:20,301 INFO     ___FILE_ONLY___ ═
2024-07-31 19:24:20,301 INFO     ___FILE_ONLY___ ═
2024-07-31 19:24:20,301 INFO     ___FILE_ONLY___ ═
2024-07-31 19:24:20,302 INFO     ___FILE_ONLY___ ═
2024-07-31 19:24:20,302 INFO     ___FILE_ONLY___ ═
2024-07-31 19:24:20,302 INFO     ___FILE_ONLY___ ═
2024-07-31 19:24:20,302 INFO     ___FILE_ONLY___ ╝

2024-07-31 19:24:20,304 INFO     ___FILE_ONLY___ ╔════════════════════════════════════════════════════════════╗

2024-07-31 19:24:20,304 INFO     ___FILE_ONLY___ ╠═ Downloading: gcloud cli dependencies (Platform Specific) ═╣

2024-07-31 19:24:20,304 INFO     ___FILE_ONLY___ ╚
2024-07-31 19:24:20,308 DEBUG    urllib3.connectionpool Starting new HTTPS connection (1): dl.google.com:443
2024-07-31 19:24:20,464 DEBUG    urllib3.connectionpool https://dl.google.com:443 "GET /dl/cloudsdk/channels/rapid/components/google-cloud-sdk-gcloud-deps-linux-x86_64-20210416153011.tar.gz HTTP/1.1" 200 104
2024-07-31 19:24:20,465 INFO     ___FILE_ONLY___ ════════════════════════════════════════════════════════════
2024-07-31 19:24:20,465 INFO     ___FILE_ONLY___ ╝

2024-07-31 19:24:20,467 INFO     ___FILE_ONLY___ ╔════════════════════════════════════════════════════════════╗

2024-07-31 19:24:20,467 INFO     ___FILE_ONLY___ ╠═ Installing: BigQuery Command Line Tool                   ═╣

2024-07-31 19:24:20,467 INFO     ___FILE_ONLY___ ╚
2024-07-31 19:24:20,586 INFO     ___FILE_ONLY___ ═
2024-07-31 19:24:20,589 INFO     ___FILE_ONLY___ ═
2024-07-31 19:24:20,591 INFO     ___FILE_ONLY___ ═
2024-07-31 19:24:20,594 INFO     ___FILE_ONLY___ ═
2024-07-31 19:24:20,597 INFO     ___FILE_ONLY___ ═
2024-07-31 19:24:20,599 INFO     ___FILE_ONLY___ ═
2024-07-31 19:24:20,601 INFO     ___FILE_ONLY___ ═
2024-07-31 19:24:20,603 INFO     ___FILE_ONLY___ ═
2024-07-31 19:24:20,606 INFO     ___FILE_ONLY___ ═
2024-07-31 19:24:20,608 INFO     ___FILE_ONLY___ ═
2024-07-31 19:24:20,610 INFO     ___FILE_ONLY___ ═
2024-07-31 19:24:20,612 INFO     ___FILE_ONLY___ ═
2024-07-31 19:24:20,614 INFO     ___FILE_ONLY___ ═
2024-07-31 19:24:20,617 INFO     ___FILE_ONLY___ ═
2024-07-31 19:24:20,619 INFO     ___FILE_ONLY___ ═
2024-07-31 19:24:20,621 INFO     ___FILE_ONLY___ ═
2024-07-31 19:24:20,623 INFO     ___FILE_ONLY___ ═
2024-07-31 19:24:20,627 INFO     ___FILE_ONLY___ ═
2024-07-31 19:24:20,629 INFO     ___FILE_ONLY___ ═
2024-07-31 19:24:20,631 INFO     ___FILE_ONLY___ ═
2024-07-31 19:24:20,634 INFO     ___FILE_ONLY___ ═
2024-07-31 19:24:20,635 INFO     ___FILE_ONLY___ ═
2024-07-31 19:24:20,637 INFO     ___FILE_ONLY___ ═
2024-07-31 19:24:20,639 INFO     ___FILE_ONLY___ ═
2024-07-31 19:24:20,641 INFO     ___FILE_ONLY___ ═
2024-07-31 19:24:20,644 INFO     ___FILE_ONLY___ ═
2024-07-31 19:24:20,646 INFO     ___FILE_ONLY___ ═
2024-07-31 19:24:20,650 INFO     ___FILE_ONLY___ ═
2024-07-31 19:24:20,652 INFO     ___FILE_ONLY___ ═
2024-07-31 19:24:20,654 INFO     ___FILE_ONLY___ ═
2024-07-31 19:24:20,656 INFO     ___FILE_ONLY___ ═
2024-07-31 19:24:20,658 INFO     ___FILE_ONLY___ ═
2024-07-31 19:24:20,661 INFO     ___FILE_ONLY___ ═
2024-07-31 19:24:20,665 INFO     ___FILE_ONLY___ ═
2024-07-31 19:24:20,673 INFO     ___FILE_ONLY___ ═
2024-07-31 19:24:20,675 INFO     ___FILE_ONLY___ ═
2024-07-31 19:24:20,678 INFO     ___FILE_ONLY___ ═
2024-07-31 19:24:20,683 INFO     ___FILE_ONLY___ ═
2024-07-31 19:24:20,685 INFO     ___FILE_ONLY___ ═
2024-07-31 19:24:20,688 INFO     ___FILE_ONLY___ ═
2024-07-31 19:24:20,690 INFO     ___FILE_ONLY___ ═
2024-07-31 19:24:20,693 INFO     ___FILE_ONLY___ ═
2024-07-31 19:24:20,697 INFO     ___FILE_ONLY___ ═
2024-07-31 19:24:20,699 INFO     ___FILE_ONLY___ ═
2024-07-31 19:24:20,701 INFO     ___FILE_ONLY___ ═
2024-07-31 19:24:20,703 INFO     ___FILE_ONLY___ ═
2024-07-31 19:24:20,706 INFO     ___FILE_ONLY___ ═
2024-07-31 19:24:20,708 INFO     ___FILE_ONLY___ ═
2024-07-31 19:24:20,710 INFO     ___FILE_ONLY___ ═
2024-07-31 19:24:20,713 INFO     ___FILE_ONLY___ ═
2024-07-31 19:24:20,715 INFO     ___FILE_ONLY___ ═
2024-07-31 19:24:20,717 INFO     ___FILE_ONLY___ ═
2024-07-31 19:24:20,719 INFO     ___FILE_ONLY___ ═
2024-07-31 19:24:20,721 INFO     ___FILE_ONLY___ ═
2024-07-31 19:24:20,724 INFO     ___FILE_ONLY___ ═
2024-07-31 19:24:20,725 INFO     ___FILE_ONLY___ ═
2024-07-31 19:24:20,727 INFO     ___FILE_ONLY___ ═
2024-07-31 19:24:20,730 INFO     ___FILE_ONLY___ ═
2024-07-31 19:24:20,732 INFO     ___FILE_ONLY___ ═
2024-07-31 19:24:20,735 INFO     ___FILE_ONLY___ ═
2024-07-31 19:24:20,735 INFO     ___FILE_ONLY___ ╝

2024-07-31 19:24:20,746 INFO     ___FILE_ONLY___ ╔════════════════════════════════════════════════════════════╗

2024-07-31 19:24:20,746 INFO     ___FILE_ONLY___ ╠═ Installing: BigQuery Command Line Tool (Platform Spec... ═╣

2024-07-31 19:24:20,747 INFO     ___FILE_ONLY___ ╚
2024-07-31 19:24:20,747 INFO     ___FILE_ONLY___ ════════════════════════════════════════════════════════════
2024-07-31 19:24:20,748 INFO     ___FILE_ONLY___ ╝

2024-07-31 19:24:20,753 INFO     ___FILE_ONLY___ ╔════════════════════════════════════════════════════════════╗

2024-07-31 19:24:20,754 INFO     ___FILE_ONLY___ ╠═ Installing: Bundled Python 3.11                          ═╣

2024-07-31 19:24:20,754 INFO     ___FILE_ONLY___ ╚
2024-07-31 19:24:20,758 INFO     ___FILE_ONLY___ ════════════════════════════════════════════════════════════
2024-07-31 19:24:20,758 INFO     ___FILE_ONLY___ ╝

2024-07-31 19:24:20,759 INFO     ___FILE_ONLY___ ╔════════════════════════════════════════════════════════════╗

2024-07-31 19:24:20,760 INFO     ___FILE_ONLY___ ╠═ Installing: Bundled Python 3.11 (Platform Specific)      ═╣

2024-07-31 19:24:20,760 INFO     ___FILE_ONLY___ ╚
2024-07-31 19:24:22,930 INFO     ___FILE_ONLY___ ═
2024-07-31 19:24:22,943 INFO     ___FILE_ONLY___ ═
2024-07-31 19:24:22,955 INFO     ___FILE_ONLY___ ═
2024-07-31 19:24:22,968 INFO     ___FILE_ONLY___ ═
2024-07-31 19:24:22,981 INFO     ___FILE_ONLY___ ═
2024-07-31 19:24:22,994 INFO     ___FILE_ONLY___ ═
2024-07-31 19:24:23,007 INFO     ___FILE_ONLY___ ═
2024-07-31 19:24:23,019 INFO     ___FILE_ONLY___ ═
2024-07-31 19:24:23,032 INFO     ___FILE_ONLY___ ═
2024-07-31 19:24:23,045 INFO     ___FILE_ONLY___ ═
2024-07-31 19:24:23,057 INFO     ___FILE_ONLY___ ═
2024-07-31 19:24:23,070 INFO     ___FILE_ONLY___ ═
2024-07-31 19:24:23,082 INFO     ___FILE_ONLY___ ═
2024-07-31 19:24:23,094 INFO     ___FILE_ONLY___ ═
2024-07-31 19:24:23,107 INFO     ___FILE_ONLY___ ═
2024-07-31 19:24:23,119 INFO     ___FILE_ONLY___ ═
2024-07-31 19:24:23,131 INFO     ___FILE_ONLY___ ═
2024-07-31 19:24:23,144 INFO     ___FILE_ONLY___ ═
2024-07-31 19:24:23,156 INFO     ___FILE_ONLY___ ═
2024-07-31 19:24:23,169 INFO     ___FILE_ONLY___ ═
2024-07-31 19:24:23,181 INFO     ___FILE_ONLY___ ═
2024-07-31 19:24:23,193 INFO     ___FILE_ONLY___ ═
2024-07-31 19:24:23,206 INFO     ___FILE_ONLY___ ═
2024-07-31 19:24:23,219 INFO     ___FILE_ONLY___ ═
2024-07-31 19:24:23,231 INFO     ___FILE_ONLY___ ═
2024-07-31 19:24:23,243 INFO     ___FILE_ONLY___ ═
2024-07-31 19:24:23,255 INFO     ___FILE_ONLY___ ═
2024-07-31 19:24:23,268 INFO     ___FILE_ONLY___ ═
2024-07-31 19:24:23,281 INFO     ___FILE_ONLY___ ═
2024-07-31 19:24:23,294 INFO     ___FILE_ONLY___ ═
2024-07-31 19:24:23,306 INFO     ___FILE_ONLY___ ═
2024-07-31 19:24:23,319 INFO     ___FILE_ONLY___ ═
2024-07-31 19:24:23,332 INFO     ___FILE_ONLY___ ═
2024-07-31 19:24:23,345 INFO     ___FILE_ONLY___ ═
2024-07-31 19:24:23,704 INFO     ___FILE_ONLY___ ═
2024-07-31 19:24:23,727 INFO     ___FILE_ONLY___ ═
2024-07-31 19:24:23,745 INFO     ___FILE_ONLY___ ═
2024-07-31 19:24:23,764 INFO     ___FILE_ONLY___ ═
2024-07-31 19:24:23,784 INFO     ___FILE_ONLY___ ═
2024-07-31 19:24:23,815 INFO     ___FILE_ONLY___ ═
2024-07-31 19:24:23,835 INFO     ___FILE_ONLY___ ═
2024-07-31 19:24:23,855 INFO     ___FILE_ONLY___ ═
2024-07-31 19:24:23,875 INFO     ___FILE_ONLY___ ═
2024-07-31 19:24:24,010 INFO     ___FILE_ONLY___ ═
2024-07-31 19:24:24,026 INFO     ___FILE_ONLY___ ═
2024-07-31 19:24:24,115 INFO     ___FILE_ONLY___ ═
2024-07-31 19:24:24,134 INFO     ___FILE_ONLY___ ═
2024-07-31 19:24:24,158 INFO     ___FILE_ONLY___ ═
2024-07-31 19:24:24,177 INFO     ___FILE_ONLY___ ═
2024-07-31 19:24:24,200 INFO     ___FILE_ONLY___ ═
2024-07-31 19:24:24,225 INFO     ___FILE_ONLY___ ═
2024-07-31 19:24:24,269 INFO     ___FILE_ONLY___ ═
2024-07-31 19:24:24,288 INFO     ___FILE_ONLY___ ═
2024-07-31 19:24:24,306 INFO     ___FILE_ONLY___ ═
2024-07-31 19:24:24,328 INFO     ___FILE_ONLY___ ═
2024-07-31 19:24:24,351 INFO     ___FILE_ONLY___ ═
2024-07-31 19:24:24,380 INFO     ___FILE_ONLY___ ═
2024-07-31 19:24:25,455 INFO     ___FILE_ONLY___ ═
2024-07-31 19:24:25,470 INFO     ___FILE_ONLY___ ═
2024-07-31 19:24:25,486 INFO     ___FILE_ONLY___ ═
2024-07-31 19:24:25,486 INFO     ___FILE_ONLY___ ╝

2024-07-31 19:24:25,562 INFO     ___FILE_ONLY___ ╔════════════════════════════════════════════════════════════╗

2024-07-31 19:24:25,562 INFO     ___FILE_ONLY___ ╠═ Installing: Cloud Storage Command Line Tool              ═╣

2024-07-31 19:24:25,563 INFO     ___FILE_ONLY___ ╚
2024-07-31 19:24:26,243 INFO     ___FILE_ONLY___ ═
2024-07-31 19:24:26,256 INFO     ___FILE_ONLY___ ═
2024-07-31 19:24:26,269 INFO     ___FILE_ONLY___ ═
2024-07-31 19:24:26,288 INFO     ___FILE_ONLY___ ═
2024-07-31 19:24:26,304 INFO     ___FILE_ONLY___ ═
2024-07-31 19:24:26,320 INFO     ___FILE_ONLY___ ═
2024-07-31 19:24:26,334 INFO     ___FILE_ONLY___ ═
2024-07-31 19:24:26,356 INFO     ___FILE_ONLY___ ═
2024-07-31 19:24:26,369 INFO     ___FILE_ONLY___ ═
2024-07-31 19:24:26,379 INFO     ___FILE_ONLY___ ═
2024-07-31 19:24:26,390 INFO     ___FILE_ONLY___ ═
2024-07-31 19:24:26,428 INFO     ___FILE_ONLY___ ═
2024-07-31 19:24:26,438 INFO     ___FILE_ONLY___ ═
2024-07-31 19:24:26,451 INFO     ___FILE_ONLY___ ═
2024-07-31 19:24:26,464 INFO     ___FILE_ONLY___ ═
2024-07-31 19:24:26,473 INFO     ___FILE_ONLY___ ═
2024-07-31 19:24:26,482 INFO     ___FILE_ONLY___ ═
2024-07-31 19:24:26,493 INFO     ___FILE_ONLY___ ═
2024-07-31 19:24:26,502 INFO     ___FILE_ONLY___ ═
2024-07-31 19:24:26,513 INFO     ___FILE_ONLY___ ═
2024-07-31 19:24:26,523 INFO     ___FILE_ONLY___ ═
2024-07-31 19:24:26,532 INFO     ___FILE_ONLY___ ═
2024-07-31 19:24:26,541 INFO     ___FILE_ONLY___ ═
2024-07-31 19:24:26,554 INFO     ___FILE_ONLY___ ═
2024-07-31 19:24:26,564 INFO     ___FILE_ONLY___ ═
2024-07-31 19:24:26,576 INFO     ___FILE_ONLY___ ═
2024-07-31 19:24:26,589 INFO     ___FILE_ONLY___ ═
2024-07-31 19:24:26,601 INFO     ___FILE_ONLY___ ═
2024-07-31 19:24:26,613 INFO     ___FILE_ONLY___ ═
2024-07-31 19:24:26,632 INFO     ___FILE_ONLY___ ═
2024-07-31 19:24:26,642 INFO     ___FILE_ONLY___ ═
2024-07-31 19:24:26,654 INFO     ___FILE_ONLY___ ═
2024-07-31 19:24:26,664 INFO     ___FILE_ONLY___ ═
2024-07-31 19:24:26,679 INFO     ___FILE_ONLY___ ═
2024-07-31 19:24:26,689 INFO     ___FILE_ONLY___ ═
2024-07-31 19:24:26,700 INFO     ___FILE_ONLY___ ═
2024-07-31 19:24:26,715 INFO     ___FILE_ONLY___ ═
2024-07-31 19:24:26,730 INFO     ___FILE_ONLY___ ═
2024-07-31 19:24:26,744 INFO     ___FILE_ONLY___ ═
2024-07-31 19:24:26,761 INFO     ___FILE_ONLY___ ═
2024-07-31 19:24:26,775 INFO     ___FILE_ONLY___ ═
2024-07-31 19:24:26,786 INFO     ___FILE_ONLY___ ═
2024-07-31 19:24:26,797 INFO     ___FILE_ONLY___ ═
2024-07-31 19:24:26,811 INFO     ___FILE_ONLY___ ═
2024-07-31 19:24:26,825 INFO     ___FILE_ONLY___ ═
2024-07-31 19:24:26,839 INFO     ___FILE_ONLY___ ═
2024-07-31 19:24:26,853 INFO     ___FILE_ONLY___ ═
2024-07-31 19:24:26,866 INFO     ___FILE_ONLY___ ═
2024-07-31 19:24:26,880 INFO     ___FILE_ONLY___ ═
2024-07-31 19:24:26,892 INFO     ___FILE_ONLY___ ═
2024-07-31 19:24:26,903 INFO     ___FILE_ONLY___ ═
2024-07-31 19:24:26,914 INFO     ___FILE_ONLY___ ═
2024-07-31 19:24:26,925 INFO     ___FILE_ONLY___ ═
2024-07-31 19:24:26,935 INFO     ___FILE_ONLY___ ═
2024-07-31 19:24:26,946 INFO     ___FILE_ONLY___ ═
2024-07-31 19:24:26,955 INFO     ___FILE_ONLY___ ═
2024-07-31 19:24:26,965 INFO     ___FILE_ONLY___ ═
2024-07-31 19:24:26,985 INFO     ___FILE_ONLY___ ═
2024-07-31 19:24:27,001 INFO     ___FILE_ONLY___ ═
2024-07-31 19:24:27,019 INFO     ___FILE_ONLY___ ═
2024-07-31 19:24:27,019 INFO     ___FILE_ONLY___ ╝

2024-07-31 19:24:27,070 INFO     ___FILE_ONLY___ ╔════════════════════════════════════════════════════════════╗

2024-07-31 19:24:27,070 INFO     ___FILE_ONLY___ ╠═ Installing: Cloud Storage Command Line Tool (Platform... ═╣

2024-07-31 19:24:27,070 INFO     ___FILE_ONLY___ ╚
2024-07-31 19:24:27,071 INFO     ___FILE_ONLY___ ════════════════════════════════════════════════════════════
2024-07-31 19:24:27,071 INFO     ___FILE_ONLY___ ╝

2024-07-31 19:24:27,077 INFO     ___FILE_ONLY___ ╔════════════════════════════════════════════════════════════╗

2024-07-31 19:24:27,077 INFO     ___FILE_ONLY___ ╠═ Installing: Default set of gcloud commands               ═╣

2024-07-31 19:24:27,077 INFO     ___FILE_ONLY___ ╚
2024-07-31 19:24:27,082 INFO     ___FILE_ONLY___ ════════════════════════════════════════════════════════════
2024-07-31 19:24:27,082 INFO     ___FILE_ONLY___ ╝

2024-07-31 19:24:27,083 INFO     ___FILE_ONLY___ ╔════════════════════════════════════════════════════════════╗

2024-07-31 19:24:27,083 INFO     ___FILE_ONLY___ ╠═ Installing: Google Cloud CLI Core Libraries (Platform... ═╣

2024-07-31 19:24:27,084 INFO     ___FILE_ONLY___ ╚
2024-07-31 19:24:27,085 INFO     ___FILE_ONLY___ ══════════════════════════════
2024-07-31 19:24:27,085 INFO     ___FILE_ONLY___ ══════════════════════════════
2024-07-31 19:24:27,085 INFO     ___FILE_ONLY___ ╝

2024-07-31 19:24:27,091 INFO     ___FILE_ONLY___ ╔════════════════════════════════════════════════════════════╗

2024-07-31 19:24:27,091 INFO     ___FILE_ONLY___ ╠═ Installing: Google Cloud CRC32C Hash Tool                ═╣

2024-07-31 19:24:27,091 INFO     ___FILE_ONLY___ ╚
2024-07-31 19:24:27,095 INFO     ___FILE_ONLY___ ════════════════════════════════════════════════════════════
2024-07-31 19:24:27,095 INFO     ___FILE_ONLY___ ╝

2024-07-31 19:24:27,097 INFO     ___FILE_ONLY___ ╔════════════════════════════════════════════════════════════╗

2024-07-31 19:24:27,097 INFO     ___FILE_ONLY___ ╠═ Installing: Google Cloud CRC32C Hash Tool (Platform S... ═╣

2024-07-31 19:24:27,097 INFO     ___FILE_ONLY___ ╚
2024-07-31 19:24:27,132 INFO     ___FILE_ONLY___ ══════════════════════════════
2024-07-31 19:24:27,133 INFO     ___FILE_ONLY___ ══════════════════════════════
2024-07-31 19:24:27,133 INFO     ___FILE_ONLY___ ╝

2024-07-31 19:24:27,139 INFO     ___FILE_ONLY___ ╔════════════════════════════════════════════════════════════╗

2024-07-31 19:24:27,139 INFO     ___FILE_ONLY___ ╠═ Installing: gcloud cli dependencies (Platform Specific)  ═╣

2024-07-31 19:24:27,139 INFO     ___FILE_ONLY___ ╚
2024-07-31 19:24:27,140 INFO     ___FILE_ONLY___ ════════════════════════════════════════════════════════════
2024-07-31 19:24:27,140 INFO     ___FILE_ONLY___ ╝

2024-07-31 19:24:27,147 DEBUG    root            Updating notification cache...
2024-07-31 19:24:27,147 INFO     ___FILE_ONLY___ 

2024-07-31 19:24:27,149 INFO     ___FILE_ONLY___ Performing post processing steps...
2024-07-31 19:24:27,150 DEBUG    root            Executing command: ['/tools/google-cloud-sdk/bin/gcloud', 'components', 'post-process']
2024-07-31 19:24:36,851 DEBUG    ___FILE_ONLY___ 
2024-07-31 19:24:36,852 DEBUG    ___FILE_ONLY___ 
2024-07-31 19:24:36,913 INFO     ___FILE_ONLY___ 
Update done!


2024-07-31 19:24:36,916 DEBUG    root            Chosen display Format:none
2024-07-31 19:24:36,917 INFO     root            Display format: "none"
